<?xml version="1.0" encoding="UTF-8"?>
<!-- Generated by org.testng.reporters.JUnitReportReporter -->
<testsuite hostname="mattibharath" failures="0" tests="1" name="Live.Etest8" time="23.007" errors="0" timestamp="2023-08-10T20:47:59 IST" skipped="0">
  <testcase classname="Live.Etest8" name="etest8" time="23.007"/>
  <system-out>
    <![CDATA[YOUR ORDER HAS BEEN RECEIVED.]]>
  </system-out>
</testsuite> <!-- Live.Etest8 -->
