<?xml version="1.0" encoding="UTF-8"?>
<!-- Generated by org.testng.reporters.JUnitReportReporter -->
<testsuite hostname="mattibharath" failures="0" tests="1" name="Live.Etest7" time="6.774" errors="0" timestamp="2023-08-12T18:23:40 IST" skipped="0">
  <testcase classname="Live.Etest7" name="etest7" time="6.774"/>
  <system-out>
    <![CDATA[100019847
Pending]]>
  </system-out>
</testsuite> <!-- Live.Etest7 -->
