<?xml version="1.0" encoding="UTF-8"?>
<!-- Generated by org.testng.reporters.JUnitReportReporter -->
<testsuite hostname="mattibharath" failures="0" tests="1" name="Live.Etest4" time="13.079" errors="0" timestamp="2023-07-04T22:08:39 IST" skipped="0">
  <testcase classname="Live.Etest4" name="etest4" time="13.079"/>
  <system-out/>
</testsuite> <!-- Live.Etest4 -->
