<?xml version="1.0" encoding="UTF-8"?>
<!-- Generated by org.testng.reporters.JUnitReportReporter -->
<testsuite hostname="mattibharath" failures="0" tests="1" name="Live.Ecommerce2" time="5.874" errors="0" timestamp="2023-07-04T17:56:00 IST" skipped="0">
  <testcase classname="Live.Ecommerce2" name="Etest2" time="5.874"/>
  <system-out>
    <![CDATA[$100.00
$100.00]]>
  </system-out>
</testsuite> <!-- Live.Ecommerce2 -->
