<?xml version="1.0" encoding="UTF-8"?>
<!-- Generated by org.testng.reporters.JUnitReportReporter -->
<testsuite hostname="mattibharath" failures="0" tests="1" name="Live.Etest6" time="98.228" errors="0" timestamp="2023-08-10T21:03:54 IST" skipped="0">
  <testcase classname="Live.Etest6" name="etest6" time="98.228"/>
  <system-out>
    <![CDATA[Flat Rate
Fixed $5.00
Flat Rate
Fixed $5.00
YOUR ORDER HAS BEEN RECEIVED.]]>
  </system-out>
</testsuite> <!-- Live.Etest6 -->
