<?xml version="1.0" encoding="UTF-8"?>
<!-- Generated by org.testng.reporters.JUnitReportReporter -->
<testsuite hostname="mattibharath" failures="0" tests="1" name="Live.Etest5" time="11.920" errors="0" timestamp="2023-07-04T23:58:53 IST" skipped="0">
  <testcase classname="Live.Etest5" name="etest5" time="11.920"/>
  <system-out>
    <![CDATA[shared successfully]]>
  </system-out>
</testsuite> <!-- Live.Etest5 -->
