<?xml version="1.0" encoding="UTF-8"?>
<!-- Generated by org.testng.reporters.JUnitReportReporter -->
<testsuite hostname="mattibharath" failures="0" tests="3" name="Live.Ecommerce" time="37.089" errors="0" timestamp="2023-08-08T17:08:32 IST" skipped="0">
  <testcase classname="Live.Ecommerce" name="etest" time="8.457"/>
  <system-out>
    <![CDATA[Mobile]]>
  </system-out>
  <testcase classname="Live.Ecommerce" name="Etest2" time="12.101"/>
  <system-out>
    <![CDATA[$100.00
$100.00]]>
  </system-out>
  <testcase classname="Live.Ecommerce" name="Etest3" time="16.531"/>
  <system-out>
    <![CDATA[SHOPPING CART IS EMPTY]]>
  </system-out>
</testsuite> <!-- Live.Ecommerce -->
